2021-11-04 13:34:05,462:INFO:Initializing load_model()
2021-11-04 13:34:05,462:INFO:load_model(verbose=True, authentication=None, platform=None, model_name=model/sale_price_pred)
2021-11-04 13:34:06,110:INFO:Initializing load_model()
2021-11-04 13:34:06,111:INFO:load_model(verbose=True, authentication=None, platform=None, model_name=model/sale_price_pred)
2021-11-04 13:34:25,817:INFO:Initializing load_model()
2021-11-04 13:34:25,818:INFO:load_model(verbose=True, authentication=None, platform=None, model_name=model/sale_price_pred)
2021-11-04 13:36:47,670:INFO:Initializing load_model()
2021-11-04 13:36:47,671:INFO:load_model(verbose=True, authentication=None, platform=None, model_name=model/sale_price_pred)
2021-11-04 13:36:57,474:INFO:Initializing load_model()
2021-11-04 13:36:57,475:INFO:load_model(verbose=True, authentication=None, platform=None, model_name=model/sale_price_pred)
2021-11-04 13:36:57,677:INFO:Initializing predict_model()
2021-11-04 13:36:57,678:INFO:predict_model(display=None, ml_usecase=MLUsecase.CLASSIFICATION, verbose=True, round=4, raw_score=False, encoded_labels=False, probability_threshold=None, estimator=Pipeline(steps=[('dtypes',
                 DataTypes_Auto_infer(categorical_features=['MSZoning',
                                                            'Street', 'Alley',
                                                            'LotShape',
                                                            'LandContour',
                                                            'LotConfig',
                                                            'LandSlope',
                                                            'Neighborhood',
                                                            'Condition1',
                                                            'Condition2',
                                                            'BldgType',
                                                            'HouseStyle',
                                                            'RoofStyle',
                                                            'RoofMatl',
                                                            'Exterior1st',
                                                            'Exterior2nd',
                                                            'MasVnrType',
                                                            'ExterQual',
                                                            'ExterCond',
                                                            'Foundation',
                                                            'BsmtQual',
                                                            'BsmtCond',
                                                            'BsmtExposure',
                                                            '...
                ('clean_names', Clean_Colum_Names()),
                ('feature_select', 'passthrough'), ('fix_multi', 'passthrough'),
                ('dfs', 'passthrough'), ('pca', 'passthrough'),
                ['trained_model',
                 VotingRegressor(estimators=[('gbr',
                                              GradientBoostingRegressor(random_state=123)),
                                             ('lightgbm',
                                              LGBMRegressor(random_state=123)),
                                             ('par',
                                              PassiveAggressiveRegressor(random_state=123)),
                                             ('huber', HuberRegressor())],
                                 n_jobs=-1)]]))
2021-11-04 13:36:57,680:INFO:Checking exceptions
2021-11-04 13:36:57,680:INFO:Preloading libraries
2021-11-04 13:37:03,077:INFO:Initializing load_model()
2021-11-04 13:37:03,077:INFO:load_model(verbose=True, authentication=None, platform=None, model_name=model/sale_price_pred)
2021-11-04 13:37:07,111:INFO:Initializing load_model()
2021-11-04 13:37:07,112:INFO:load_model(verbose=True, authentication=None, platform=None, model_name=model/sale_price_pred)
2021-11-04 13:37:07,281:INFO:Initializing predict_model()
2021-11-04 13:37:07,282:INFO:predict_model(display=None, ml_usecase=MLUsecase.CLASSIFICATION, verbose=True, round=4, raw_score=False, encoded_labels=False, probability_threshold=None, estimator=Pipeline(steps=[('dtypes',
                 DataTypes_Auto_infer(categorical_features=['MSZoning',
                                                            'Street', 'Alley',
                                                            'LotShape',
                                                            'LandContour',
                                                            'LotConfig',
                                                            'LandSlope',
                                                            'Neighborhood',
                                                            'Condition1',
                                                            'Condition2',
                                                            'BldgType',
                                                            'HouseStyle',
                                                            'RoofStyle',
                                                            'RoofMatl',
                                                            'Exterior1st',
                                                            'Exterior2nd',
                                                            'MasVnrType',
                                                            'ExterQual',
                                                            'ExterCond',
                                                            'Foundation',
                                                            'BsmtQual',
                                                            'BsmtCond',
                                                            'BsmtExposure',
                                                            '...
                ('clean_names', Clean_Colum_Names()),
                ('feature_select', 'passthrough'), ('fix_multi', 'passthrough'),
                ('dfs', 'passthrough'), ('pca', 'passthrough'),
                ['trained_model',
                 VotingRegressor(estimators=[('gbr',
                                              GradientBoostingRegressor(random_state=123)),
                                             ('lightgbm',
                                              LGBMRegressor(random_state=123)),
                                             ('par',
                                              PassiveAggressiveRegressor(random_state=123)),
                                             ('huber', HuberRegressor())],
                                 n_jobs=-1)]]))
2021-11-04 13:37:07,285:INFO:Checking exceptions
2021-11-04 13:37:07,286:INFO:Preloading libraries
2021-11-08 17:38:38,310:INFO:Initializing load_model()
2021-11-08 17:38:38,310:INFO:load_model(verbose=True, authentication=None, platform=None, model_name=sale_price_pred)
2021-11-08 17:39:30,891:INFO:Initializing load_model()
2021-11-08 17:39:30,891:INFO:load_model(verbose=True, authentication=None, platform=None, model_name=model/sale_price_pred)
2021-11-08 17:39:52,317:INFO:Initializing load_model()
2021-11-08 17:39:52,317:INFO:load_model(verbose=True, authentication=None, platform=None, model_name=model/sale_price_pred)
2021-11-08 17:40:47,661:INFO:Initializing load_model()
2021-11-08 17:40:47,661:INFO:load_model(verbose=True, authentication=None, platform=None, model_name=model/sale_price_pred)
2021-11-08 17:40:53,809:INFO:Initializing load_model()
2021-11-08 17:40:53,809:INFO:load_model(verbose=True, authentication=None, platform=None, model_name=model/sale_price_pred)
2021-11-08 17:40:54,132:INFO:Initializing predict_model()
2021-11-08 17:40:54,132:INFO:predict_model(display=None, ml_usecase=MLUsecase.REGRESSION, verbose=True, round=4, raw_score=False, encoded_labels=True, probability_threshold=None, estimator=Pipeline(steps=[('dtypes',
                 DataTypes_Auto_infer(categorical_features=['MSZoning',
                                                            'Street', 'Alley',
                                                            'LotShape',
                                                            'LandContour',
                                                            'LotConfig',
                                                            'LandSlope',
                                                            'Neighborhood',
                                                            'Condition1',
                                                            'Condition2',
                                                            'BldgType',
                                                            'HouseStyle',
                                                            'RoofStyle',
                                                            'RoofMatl',
                                                            'Exterior1st',
                                                            'Exterior2nd',
                                                            'MasVnrType',
                                                            'ExterQual',
                                                            'ExterCond',
                                                            'Foundation',
                                                            'BsmtQual',
                                                            'BsmtCond',
                                                            'BsmtExposure',
                                                            '...
                ('clean_names', Clean_Colum_Names()),
                ('feature_select', 'passthrough'), ('fix_multi', 'passthrough'),
                ('dfs', 'passthrough'), ('pca', 'passthrough'),
                ['trained_model',
                 VotingRegressor(estimators=[('gbr',
                                              GradientBoostingRegressor(random_state=123)),
                                             ('lightgbm',
                                              LGBMRegressor(random_state=123)),
                                             ('par',
                                              PassiveAggressiveRegressor(random_state=123)),
                                             ('huber', HuberRegressor())],
                                 n_jobs=-1)]]))
2021-11-08 17:40:54,140:INFO:Checking exceptions
2021-11-08 17:40:54,140:INFO:Preloading libraries
2021-11-08 17:41:40,423:INFO:Initializing load_model()
2021-11-08 17:41:40,423:INFO:load_model(verbose=True, authentication=None, platform=None, model_name=model/sale_price_pred)
2021-11-08 17:41:43,230:INFO:Initializing load_model()
2021-11-08 17:41:43,230:INFO:load_model(verbose=True, authentication=None, platform=None, model_name=model/sale_price_pred)
2021-11-08 17:41:43,500:INFO:Initializing predict_model()
2021-11-08 17:41:43,508:INFO:predict_model(display=None, ml_usecase=MLUsecase.REGRESSION, verbose=True, round=4, raw_score=False, encoded_labels=True, probability_threshold=None, estimator=Pipeline(steps=[('dtypes',
                 DataTypes_Auto_infer(categorical_features=['MSZoning',
                                                            'Street', 'Alley',
                                                            'LotShape',
                                                            'LandContour',
                                                            'LotConfig',
                                                            'LandSlope',
                                                            'Neighborhood',
                                                            'Condition1',
                                                            'Condition2',
                                                            'BldgType',
                                                            'HouseStyle',
                                                            'RoofStyle',
                                                            'RoofMatl',
                                                            'Exterior1st',
                                                            'Exterior2nd',
                                                            'MasVnrType',
                                                            'ExterQual',
                                                            'ExterCond',
                                                            'Foundation',
                                                            'BsmtQual',
                                                            'BsmtCond',
                                                            'BsmtExposure',
                                                            '...
                ('clean_names', Clean_Colum_Names()),
                ('feature_select', 'passthrough'), ('fix_multi', 'passthrough'),
                ('dfs', 'passthrough'), ('pca', 'passthrough'),
                ['trained_model',
                 VotingRegressor(estimators=[('gbr',
                                              GradientBoostingRegressor(random_state=123)),
                                             ('lightgbm',
                                              LGBMRegressor(random_state=123)),
                                             ('par',
                                              PassiveAggressiveRegressor(random_state=123)),
                                             ('huber', HuberRegressor())],
                                 n_jobs=-1)]]))
2021-11-08 17:41:43,508:INFO:Checking exceptions
2021-11-08 17:41:43,508:INFO:Preloading libraries
2021-11-08 17:41:46,781:INFO:Initializing load_model()
2021-11-08 17:41:46,781:INFO:load_model(verbose=True, authentication=None, platform=None, model_name=model/sale_price_pred)
2021-11-08 17:41:47,085:INFO:Initializing predict_model()
2021-11-08 17:41:47,085:INFO:predict_model(display=None, ml_usecase=MLUsecase.REGRESSION, verbose=True, round=4, raw_score=False, encoded_labels=True, probability_threshold=None, estimator=Pipeline(steps=[('dtypes',
                 DataTypes_Auto_infer(categorical_features=['MSZoning',
                                                            'Street', 'Alley',
                                                            'LotShape',
                                                            'LandContour',
                                                            'LotConfig',
                                                            'LandSlope',
                                                            'Neighborhood',
                                                            'Condition1',
                                                            'Condition2',
                                                            'BldgType',
                                                            'HouseStyle',
                                                            'RoofStyle',
                                                            'RoofMatl',
                                                            'Exterior1st',
                                                            'Exterior2nd',
                                                            'MasVnrType',
                                                            'ExterQual',
                                                            'ExterCond',
                                                            'Foundation',
                                                            'BsmtQual',
                                                            'BsmtCond',
                                                            'BsmtExposure',
                                                            '...
                ('clean_names', Clean_Colum_Names()),
                ('feature_select', 'passthrough'), ('fix_multi', 'passthrough'),
                ('dfs', 'passthrough'), ('pca', 'passthrough'),
                ['trained_model',
                 VotingRegressor(estimators=[('gbr',
                                              GradientBoostingRegressor(random_state=123)),
                                             ('lightgbm',
                                              LGBMRegressor(random_state=123)),
                                             ('par',
                                              PassiveAggressiveRegressor(random_state=123)),
                                             ('huber', HuberRegressor())],
                                 n_jobs=-1)]]))
2021-11-08 17:41:47,093:INFO:Checking exceptions
2021-11-08 17:41:47,093:INFO:Preloading libraries
2021-11-08 17:42:21,094:INFO:Initializing load_model()
2021-11-08 17:42:21,094:INFO:load_model(verbose=True, authentication=None, platform=None, model_name=model/sale_price_pred)
2021-11-08 17:42:24,160:INFO:Initializing load_model()
2021-11-08 17:42:24,160:INFO:load_model(verbose=True, authentication=None, platform=None, model_name=model/sale_price_pred)
2021-11-08 17:42:24,552:INFO:Initializing load_model()
2021-11-08 17:42:24,552:INFO:load_model(verbose=True, authentication=None, platform=None, model_name=model/sale_price_pred)
2021-11-08 17:42:33,890:INFO:Initializing load_model()
2021-11-08 17:42:33,890:INFO:load_model(verbose=True, authentication=None, platform=None, model_name=model/sale_price_pred)
2021-11-08 17:42:34,160:INFO:Initializing predict_model()
2021-11-08 17:42:34,160:INFO:predict_model(display=None, ml_usecase=MLUsecase.REGRESSION, verbose=True, round=4, raw_score=False, encoded_labels=True, probability_threshold=None, estimator=Pipeline(steps=[('dtypes',
                 DataTypes_Auto_infer(categorical_features=['MSZoning',
                                                            'Street', 'Alley',
                                                            'LotShape',
                                                            'LandContour',
                                                            'LotConfig',
                                                            'LandSlope',
                                                            'Neighborhood',
                                                            'Condition1',
                                                            'Condition2',
                                                            'BldgType',
                                                            'HouseStyle',
                                                            'RoofStyle',
                                                            'RoofMatl',
                                                            'Exterior1st',
                                                            'Exterior2nd',
                                                            'MasVnrType',
                                                            'ExterQual',
                                                            'ExterCond',
                                                            'Foundation',
                                                            'BsmtQual',
                                                            'BsmtCond',
                                                            'BsmtExposure',
                                                            '...
                ('clean_names', Clean_Colum_Names()),
                ('feature_select', 'passthrough'), ('fix_multi', 'passthrough'),
                ('dfs', 'passthrough'), ('pca', 'passthrough'),
                ['trained_model',
                 VotingRegressor(estimators=[('gbr',
                                              GradientBoostingRegressor(random_state=123)),
                                             ('lightgbm',
                                              LGBMRegressor(random_state=123)),
                                             ('par',
                                              PassiveAggressiveRegressor(random_state=123)),
                                             ('huber', HuberRegressor())],
                                 n_jobs=-1)]]))
2021-11-08 17:42:34,167:INFO:Checking exceptions
2021-11-08 17:42:34,167:INFO:Preloading libraries
2021-11-08 17:42:51,521:INFO:Initializing load_model()
2021-11-08 17:42:51,529:INFO:load_model(verbose=True, authentication=None, platform=None, model_name=model/sale_price_pred)
2021-11-08 17:43:01,403:INFO:Initializing load_model()
2021-11-08 17:43:01,411:INFO:load_model(verbose=True, authentication=None, platform=None, model_name=model/sale_price_pred)
2021-11-08 17:43:01,720:INFO:Initializing predict_model()
2021-11-08 17:43:01,720:INFO:predict_model(display=None, ml_usecase=MLUsecase.REGRESSION, verbose=True, round=4, raw_score=False, encoded_labels=True, probability_threshold=None, estimator=Pipeline(steps=[('dtypes',
                 DataTypes_Auto_infer(categorical_features=['MSZoning',
                                                            'Street', 'Alley',
                                                            'LotShape',
                                                            'LandContour',
                                                            'LotConfig',
                                                            'LandSlope',
                                                            'Neighborhood',
                                                            'Condition1',
                                                            'Condition2',
                                                            'BldgType',
                                                            'HouseStyle',
                                                            'RoofStyle',
                                                            'RoofMatl',
                                                            'Exterior1st',
                                                            'Exterior2nd',
                                                            'MasVnrType',
                                                            'ExterQual',
                                                            'ExterCond',
                                                            'Foundation',
                                                            'BsmtQual',
                                                            'BsmtCond',
                                                            'BsmtExposure',
                                                            '...
                ('clean_names', Clean_Colum_Names()),
                ('feature_select', 'passthrough'), ('fix_multi', 'passthrough'),
                ('dfs', 'passthrough'), ('pca', 'passthrough'),
                ['trained_model',
                 VotingRegressor(estimators=[('gbr',
                                              GradientBoostingRegressor(random_state=123)),
                                             ('lightgbm',
                                              LGBMRegressor(random_state=123)),
                                             ('par',
                                              PassiveAggressiveRegressor(random_state=123)),
                                             ('huber', HuberRegressor())],
                                 n_jobs=-1)]]))
2021-11-08 17:43:01,720:INFO:Checking exceptions
2021-11-08 17:43:01,720:INFO:Preloading libraries
